<?xml version="1.0" encoding="UTF-8"?>
<!-- Generated by org.testng.reporters.JUnitXMLReporter -->
<testsuite ignored="1" hostname="Balajis-MacBook-Pro.local" failures="0" tests="4" name="Orange Test" time="0.909" errors="0" timestamp="2023-06-16T15:48:41 IST">
  <testcase classname="com.cgi.base.AutomationWrapper" name="@BeforeMethod setup" time="-1.686910720519E9">
    <failure type="org.testng.TestNGException" message="
Parameter &amp;apos;browser&amp;apos; is required by BeforeMethod on method setup but has not been marked @Optional or defined
in /Users/balaji/Documents/Company/CGI Jun 2023/selenium_workspace/HybridFramework/testng2.xml">
      <![CDATA[org.testng.TestNGException: 
Parameter 'browser' is required by BeforeMethod on method setup but has not been marked @Optional or defined
in /Users/balaji/Documents/Company/CGI Jun 2023/selenium_workspace/HybridFramework/testng2.xml
at java.base/java.util.ArrayList.forEach(ArrayList.java:1511)
... Removed 28 stack frames]]>
    </failure>
  </testcase> <!-- @BeforeMethod setup -->
  <testcase classname="com.cgi.base.AutomationWrapper" name="@AfterMethod teardown" time="-1.686910720538E9">
    <skipped/>
  </testcase> <!-- @AfterMethod teardown -->
  <testcase classname="com.cgi.base.AutomationWrapper" name="@BeforeMethod setup" time="-1.68691072054E9">
    <skipped/>
  </testcase> <!-- @BeforeMethod setup -->
  <testcase classname="com.cgi.base.AutomationWrapper" name="@AfterMethod teardown" time="-1.686910720546E9">
    <skipped/>
  </testcase> <!-- @AfterMethod teardown -->
  <testcase classname="com.cgi.base.AutomationWrapper" name="@BeforeMethod setup" time="-1.686910721386E9">
    <failure type="org.testng.TestNGException" message="
Parameter &amp;apos;browser&amp;apos; is required by BeforeMethod on method setup but has not been marked @Optional or defined
in /Users/balaji/Documents/Company/CGI Jun 2023/selenium_workspace/HybridFramework/testng2.xml">
      <![CDATA[org.testng.TestNGException: 
Parameter 'browser' is required by BeforeMethod on method setup but has not been marked @Optional or defined
in /Users/balaji/Documents/Company/CGI Jun 2023/selenium_workspace/HybridFramework/testng2.xml
at java.base/java.util.ArrayList.forEach(ArrayList.java:1511)
... Removed 28 stack frames]]>
    </failure>
  </testcase> <!-- @BeforeMethod setup -->
  <testcase classname="com.cgi.base.AutomationWrapper" name="@AfterMethod teardown" time="-1.686910721391E9">
    <skipped/>
  </testcase> <!-- @AfterMethod teardown -->
  <testcase classname="com.cgi.base.AutomationWrapper" name="@BeforeMethod setup" time="-1.686910721392E9">
    <skipped/>
  </testcase> <!-- @BeforeMethod setup -->
  <testcase classname="com.cgi.base.AutomationWrapper" name="@AfterMethod teardown" time="-1.686910721397E9">
    <skipped/>
  </testcase> <!-- @AfterMethod teardown -->
  <testcase classname="com.cgi.test.LoginUITest" name="placeholderTest" time="0.0">
    <skipped/>
  </testcase> <!-- placeholderTest -->
  <testcase classname="com.cgi.test.LoginUITest" name="verifyTitleTest" time="0.0">
    <skipped/>
  </testcase> <!-- verifyTitleTest -->
  <testcase classname="com.cgi.test.LoginTest" name="validLoginTest" time="0.0">
    <skipped/>
  </testcase> <!-- validLoginTest -->
  <testcase classname="com.cgi.test.LoginTest" name="validLoginTest" time="0.0">
    <skipped/>
  </testcase> <!-- validLoginTest -->
  <testcase classname="com.cgi.test.LoginTest" name="invalidLoginTest" time="0.0">
    <ignored/>
  </testcase> <!-- invalidLoginTest -->
</testsuite> <!-- Orange Test -->
